{"/Users/danniellanasir/Documents/ReactCourse/server-jest/express-handlers.js": {"path":"/Users/danniellanasir/Documents/ReactCourse/server-jest/express-handlers.js","statementMap":{"0":{"start":{"line":5,"column":24},"end":{"line":24,"column":1}},"1":{"start":{"line":7,"column":38},"end":{"line":7,"column":46}},"2":{"start":{"line":8,"column":4},"end":{"line":13,"column":5}},"3":{"start":{"line":9,"column":8},"end":{"line":12,"column":10}},"4":{"start":{"line":14,"column":19},"end":{"line":14,"column":43}},"5":{"start":{"line":16,"column":20},"end":{"line":20,"column":6}},"6":{"start":{"line":22,"column":4},"end":{"line":22,"column":25}},"7":{"start":{"line":23,"column":4},"end":{"line":23,"column":81}},"8":{"start":{"line":26,"column":21},"end":{"line":74,"column":1}},"9":{"start":{"line":29,"column":4},"end":{"line":34,"column":5}},"10":{"start":{"line":30,"column":8},"end":{"line":33,"column":10}},"11":{"start":{"line":36,"column":17},"end":{"line":38,"column":6}},"12":{"start":{"line":41,"column":4},"end":{"line":46,"column":5}},"13":{"start":{"line":42,"column":8},"end":{"line":45,"column":10}},"14":{"start":{"line":48,"column":16},"end":{"line":48,"column":63}},"15":{"start":{"line":51,"column":4},"end":{"line":56,"column":5}},"16":{"start":{"line":52,"column":8},"end":{"line":55,"column":10}},"17":{"start":{"line":58,"column":4},"end":{"line":72,"column":5}},"18":{"start":{"line":59,"column":24},"end":{"line":63,"column":9}},"19":{"start":{"line":66,"column":28},"end":{"line":66,"column":78}},"20":{"start":{"line":68,"column":8},"end":{"line":71,"column":11}}},"fnMap":{"0":{"name":"(anonymous_0)","decl":{"start":{"line":5,"column":24},"end":{"line":5,"column":25}},"loc":{"start":{"line":5,"column":50},"end":{"line":24,"column":1}},"line":5},"1":{"name":"(anonymous_1)","decl":{"start":{"line":26,"column":21},"end":{"line":26,"column":22}},"loc":{"start":{"line":26,"column":41},"end":{"line":74,"column":1}},"line":26}},"branchMap":{"0":{"loc":{"start":{"line":8,"column":4},"end":{"line":13,"column":5}},"type":"if","locations":[{"start":{"line":8,"column":4},"end":{"line":13,"column":5}},{"start":{"line":8,"column":4},"end":{"line":13,"column":5}}],"line":8},"1":{"loc":{"start":{"line":8,"column":8},"end":{"line":8,"column":36}},"type":"binary-expr","locations":[{"start":{"line":8,"column":8},"end":{"line":8,"column":13}},{"start":{"line":8,"column":17},"end":{"line":8,"column":23}},{"start":{"line":8,"column":27},"end":{"line":8,"column":36}}],"line":8},"2":{"loc":{"start":{"line":29,"column":4},"end":{"line":34,"column":5}},"type":"if","locations":[{"start":{"line":29,"column":4},"end":{"line":34,"column":5}},{"start":{"line":29,"column":4},"end":{"line":34,"column":5}}],"line":29},"3":{"loc":{"start":{"line":29,"column":8},"end":{"line":29,"column":45}},"type":"binary-expr","locations":[{"start":{"line":29,"column":8},"end":{"line":29,"column":26}},{"start":{"line":29,"column":30},"end":{"line":29,"column":45}}],"line":29},"4":{"loc":{"start":{"line":41,"column":4},"end":{"line":46,"column":5}},"type":"if","locations":[{"start":{"line":41,"column":4},"end":{"line":46,"column":5}},{"start":{"line":41,"column":4},"end":{"line":46,"column":5}}],"line":41},"5":{"loc":{"start":{"line":51,"column":4},"end":{"line":56,"column":5}},"type":"if","locations":[{"start":{"line":51,"column":4},"end":{"line":56,"column":5}},{"start":{"line":51,"column":4},"end":{"line":56,"column":5}}],"line":51},"6":{"loc":{"start":{"line":58,"column":4},"end":{"line":72,"column":5}},"type":"if","locations":[{"start":{"line":58,"column":4},"end":{"line":72,"column":5}},{"start":{"line":58,"column":4},"end":{"line":72,"column":5}}],"line":58},"7":{"loc":{"start":{"line":58,"column":7},"end":{"line":58,"column":18}},"type":"binary-expr","locations":[{"start":{"line":58,"column":7},"end":{"line":58,"column":10}},{"start":{"line":58,"column":14},"end":{"line":58,"column":18}}],"line":58}},"s":{"0":1,"1":4,"2":4,"3":1,"4":3,"5":3,"6":3,"7":3,"8":1,"9":4,"10":1,"11":3,"12":3,"13":1,"14":2,"15":2,"16":1,"17":1,"18":1,"19":1,"20":1},"f":{"0":4,"1":4},"b":{"0":[1,3],"1":[4,3,3],"2":[1,3],"3":[4,3],"4":[1,2],"5":[1,1],"6":[1,0],"7":[1,1]},"_coverageSchema":"1a1c01bbd47fc00a2c39e90264f33305004495a9","hash":"8039c4018879a4f8bec9c4f97ca412914485e036"}
,"/Users/danniellanasir/Documents/ReactCourse/server-jest/routes.js": {"path":"/Users/danniellanasir/Documents/ReactCourse/server-jest/routes.js","statementMap":{"0":{"start":{"line":7,"column":15},"end":{"line":7,"column":23}},"1":{"start":{"line":8,"column":18},"end":{"line":8,"column":26}},"2":{"start":{"line":10,"column":19},"end":{"line":10,"column":21}},"3":{"start":{"line":64,"column":0},"end":{"line":64,"column":37}},"4":{"start":{"line":65,"column":0},"end":{"line":65,"column":31}},"5":{"start":{"line":66,"column":0},"end":{"line":66,"column":30}}},"fnMap":{},"branchMap":{},"s":{"0":1,"1":1,"2":1,"3":1,"4":1,"5":1},"f":{},"b":{},"_coverageSchema":"1a1c01bbd47fc00a2c39e90264f33305004495a9","hash":"bf4ab764a2459a030ad1cc5d46de578b84a9bdeb"}
,"/Users/danniellanasir/Documents/ReactCourse/server-jest/server.js": {"path":"/Users/danniellanasir/Documents/ReactCourse/server-jest/server.js","statementMap":{"0":{"start":{"line":4,"column":12},"end":{"line":4,"column":21}},"1":{"start":{"line":6,"column":21},"end":{"line":14,"column":1}},"2":{"start":{"line":7,"column":2},"end":{"line":13,"column":3}},"3":{"start":{"line":8,"column":4},"end":{"line":8,"column":20}},"4":{"start":{"line":9,"column":4},"end":{"line":9,"column":27}},"5":{"start":{"line":10,"column":4},"end":{"line":10,"column":15}},"6":{"start":{"line":12,"column":4},"end":{"line":12,"column":43}}},"fnMap":{"0":{"name":"(anonymous_0)","decl":{"start":{"line":6,"column":21},"end":{"line":6,"column":22}},"loc":{"start":{"line":6,"column":27},"end":{"line":14,"column":1}},"line":6}},"branchMap":{},"s":{"0":1,"1":1,"2":1,"3":1,"4":1,"5":1,"6":0},"f":{"0":1},"b":{},"_coverageSchema":"1a1c01bbd47fc00a2c39e90264f33305004495a9","hash":"ebbbe9470bbe277777b5acaafab3f53f997706f3"}
,"/Users/danniellanasir/Documents/ReactCourse/server-jest/setupdb.js": {"path":"/Users/danniellanasir/Documents/ReactCourse/server-jest/setupdb.js","statementMap":{"0":{"start":{"line":4,"column":20},"end":{"line":4,"column":43}},"1":{"start":{"line":7,"column":14},"end":{"line":7,"column":40}},"2":{"start":{"line":9,"column":23},"end":{"line":14,"column":3}},"3":{"start":{"line":16,"column":2},"end":{"line":18,"column":5}},"4":{"start":{"line":17,"column":4},"end":{"line":17,"column":32}},"5":{"start":{"line":17,"column":13},"end":{"line":17,"column":32}},"6":{"start":{"line":22,"column":2},"end":{"line":22,"column":30}},"7":{"start":{"line":23,"column":2},"end":{"line":23,"column":27}}},"fnMap":{"0":{"name":"dbConnect","decl":{"start":{"line":6,"column":22},"end":{"line":6,"column":31}},"loc":{"start":{"line":6,"column":34},"end":{"line":19,"column":1}},"line":6},"1":{"name":"(anonymous_1)","decl":{"start":{"line":16,"column":44},"end":{"line":16,"column":45}},"loc":{"start":{"line":16,"column":53},"end":{"line":18,"column":3}},"line":16},"2":{"name":"dbDisconnect","decl":{"start":{"line":21,"column":22},"end":{"line":21,"column":34}},"loc":{"start":{"line":21,"column":37},"end":{"line":24,"column":1}},"line":21}},"branchMap":{"0":{"loc":{"start":{"line":17,"column":4},"end":{"line":17,"column":32}},"type":"if","locations":[{"start":{"line":17,"column":4},"end":{"line":17,"column":32}},{"start":{"line":17,"column":4},"end":{"line":17,"column":32}}],"line":17}},"s":{"0":1,"1":6,"2":6,"3":6,"4":6,"5":0,"6":6,"7":6},"f":{"0":6,"1":6,"2":6},"b":{"0":[0,6]},"_coverageSchema":"1a1c01bbd47fc00a2c39e90264f33305004495a9","hash":"8ad4cd6c6a73cff1fcba2169268c8d44dadea40e"}
,"/Users/danniellanasir/Documents/ReactCourse/server-jest/models/Post.js": {"path":"/Users/danniellanasir/Documents/ReactCourse/server-jest/models/Post.js","statementMap":{"0":{"start":{"line":3,"column":19},"end":{"line":6,"column":2}}},"fnMap":{},"branchMap":{},"s":{"0":1},"f":{},"b":{},"_coverageSchema":"1a1c01bbd47fc00a2c39e90264f33305004495a9","hash":"3276936c09c2df1283a3808bcfd7fab6f554d87d"}
,"/Users/danniellanasir/Documents/ReactCourse/server-jest/models/User.js": {"path":"/Users/danniellanasir/Documents/ReactCourse/server-jest/models/User.js","statementMap":{"0":{"start":{"line":1,"column":17},"end":{"line":1,"column":36}},"1":{"start":{"line":2,"column":15},"end":{"line":2,"column":30}},"2":{"start":{"line":4,"column":19},"end":{"line":21,"column":2}},"3":{"start":{"line":23,"column":0},"end":{"line":23,"column":52}}},"fnMap":{},"branchMap":{},"s":{"0":1,"1":1,"2":1,"3":1},"f":{},"b":{},"_coverageSchema":"1a1c01bbd47fc00a2c39e90264f33305004495a9","hash":"3de6a861682a593d84b4da5cee06f2dd676c1662"}
}
