TN:
SF:express-handlers.js
FN:5,(anonymous_0)
FN:26,(anonymous_1)
FNF:2
FNH:2
FNDA:4,(anonymous_0)
FNDA:4,(anonymous_1)
DA:5,1
DA:7,4
DA:8,4
DA:9,1
DA:14,3
DA:16,3
DA:22,3
DA:23,3
DA:26,1
DA:29,4
DA:30,1
DA:36,3
DA:41,3
DA:42,1
DA:48,2
DA:51,2
DA:52,1
DA:58,1
DA:59,1
DA:66,1
DA:68,1
LF:21
LH:21
BRDA:8,0,0,1
BRDA:8,0,1,3
BRDA:8,1,0,4
BRDA:8,1,1,3
BRDA:8,1,2,3
BRDA:29,2,0,1
BRDA:29,2,1,3
BRDA:29,3,0,4
BRDA:29,3,1,3
BRDA:41,4,0,1
BRDA:41,4,1,2
BRDA:51,5,0,1
BRDA:51,5,1,1
BRDA:58,6,0,1
BRDA:58,6,1,0
BRDA:58,7,0,1
BRDA:58,7,1,1
BRF:17
BRH:16
end_of_record
TN:
SF:routes.js
FNF:0
FNH:0
DA:7,1
DA:8,1
DA:10,1
DA:64,1
DA:65,1
DA:66,1
LF:6
LH:6
BRF:0
BRH:0
end_of_record
TN:
SF:server.js
FN:6,(anonymous_0)
FNF:1
FNH:1
FNDA:1,(anonymous_0)
DA:4,1
DA:6,1
DA:7,1
DA:8,1
DA:9,1
DA:10,1
DA:12,0
LF:7
LH:6
BRF:0
BRH:0
end_of_record
TN:
SF:setupdb.js
FN:6,dbConnect
FN:16,(anonymous_1)
FN:21,dbDisconnect
FNF:3
FNH:3
FNDA:6,dbConnect
FNDA:6,(anonymous_1)
FNDA:6,dbDisconnect
DA:4,1
DA:7,6
DA:9,6
DA:16,6
DA:17,6
DA:22,6
DA:23,6
LF:7
LH:7
BRDA:17,0,0,0
BRDA:17,0,1,6
BRF:2
BRH:1
end_of_record
TN:
SF:models/Post.js
FNF:0
FNH:0
DA:3,1
LF:1
LH:1
BRF:0
BRH:0
end_of_record
TN:
SF:models/User.js
FNF:0
FNH:0
DA:1,1
DA:2,1
DA:4,1
DA:23,1
LF:4
LH:4
BRF:0
BRH:0
end_of_record
